[debug] [2024-06-08T07:23:09.284Z] ----------------------------------------------------------------------
[debug] [2024-06-08T07:23:09.296Z] Command:       C:\Program Files\nodejs\node.exe C:\Users\gideo\AppData\Roaming\npm\node_modules\firebase-tools\lib\bin\firebase.js init
[debug] [2024-06-08T07:23:09.297Z] CLI Version:   13.10.2
[debug] [2024-06-08T07:23:09.297Z] Platform:      win32
[debug] [2024-06-08T07:23:09.297Z] Node Version:  v20.13.0
[debug] [2024-06-08T07:23:09.298Z] Time:          Sat Jun 08 2024 07:23:09 GMT+0000 (Coordinated Universal Time)
[debug] [2024-06-08T07:23:09.298Z] ----------------------------------------------------------------------
[debug] 
[debug] [2024-06-08T07:23:09.311Z] >>> [apiv2][query] GET https://firebase-public.firebaseio.com/cli.json [none]
[debug] [2024-06-08T07:23:09.369Z] > command requires scopes: ["email","openid","https://www.googleapis.com/auth/cloudplatformprojects.readonly","https://www.googleapis.com/auth/firebase","https://www.googleapis.com/auth/cloud-platform"]
[debug] [2024-06-08T07:23:09.370Z] > authorizing via signed-in user (gideonagyage@gmail.com)
[info] 
     ######## #### ########  ######## ########     ###     ######  ########
     ##        ##  ##     ## ##       ##     ##  ##   ##  ##       ##
     ######    ##  ########  ######   ########  #########  ######  ######
     ##        ##  ##    ##  ##       ##     ## ##     ##       ## ##
     ##       #### ##     ## ######## ########  ##     ##  ######  ########

You're about to initialize a Firebase project in this directory:

  C:\Users\gideo\Documents\4 Studies\Technical Works\Repositories\clear-vox

[debug] [2024-06-08T07:23:10.365Z] <<< [apiv2][status] GET https://firebase-public.firebaseio.com/cli.json 200
[debug] [2024-06-08T07:23:10.366Z] <<< [apiv2][body] GET https://firebase-public.firebaseio.com/cli.json {"cloudBuildErrorAfter":1594252800000,"cloudBuildWarnAfter":1590019200000,"defaultNode10After":1594252800000,"minVersion":"3.0.5","node8DeploysDisabledAfter":1613390400000,"node8RuntimeDisabledAfter":1615809600000,"node8WarnAfter":1600128000000}
[info] 
=== Project Setup
[info] 
[info] First, let's associate this project directory with a Firebase project.
[info] You can create multiple project aliases by running firebase use --add, 
[info] but for now we'll just set up a default project.
[info] 
[debug] [2024-06-08T07:46:26.175Z] > refreshing access token with scopes: []
[debug] [2024-06-08T07:46:26.182Z] >>> [apiv2][query] POST https://www.googleapis.com/oauth2/v3/token [none]
[debug] [2024-06-08T07:46:26.182Z] >>> [apiv2][body] POST https://www.googleapis.com/oauth2/v3/token [omitted]
[debug] [2024-06-08T07:46:27.750Z] <<< [apiv2][status] POST https://www.googleapis.com/oauth2/v3/token 200
[debug] [2024-06-08T07:46:27.750Z] <<< [apiv2][body] POST https://www.googleapis.com/oauth2/v3/token [omitted]
[debug] [2024-06-08T07:46:27.794Z] >>> [apiv2][query] GET https://firebase.googleapis.com/v1beta1/projects pageSize=100
[debug] [2024-06-08T07:46:29.044Z] <<< [apiv2][status] GET https://firebase.googleapis.com/v1beta1/projects 200
[debug] [2024-06-08T07:46:29.044Z] <<< [apiv2][body] GET https://firebase.googleapis.com/v1beta1/projects [omitted]
[info] i  Using project clearvox (ClearVox) 
[info] 
=== Database Setup
[info] i  database: ensuring required API firebasedatabase.googleapis.com is enabled... 
[debug] [2024-06-08T07:46:41.426Z] >>> [apiv2][query] GET https://serviceusage.googleapis.com/v1/projects/clearvox/services/firebasedatabase.googleapis.com [none]
[debug] [2024-06-08T07:46:41.426Z] >>> [apiv2][(partial)header] GET https://serviceusage.googleapis.com/v1/projects/clearvox/services/firebasedatabase.googleapis.com x-goog-quota-user=projects/clearvox
[debug] [2024-06-08T07:46:44.700Z] <<< [apiv2][status] GET https://serviceusage.googleapis.com/v1/projects/clearvox/services/firebasedatabase.googleapis.com 200
[debug] [2024-06-08T07:46:44.700Z] <<< [apiv2][body] GET https://serviceusage.googleapis.com/v1/projects/clearvox/services/firebasedatabase.googleapis.com [omitted]
[info] +  database: required API firebasedatabase.googleapis.com is enabled 
[info] 
[debug] [2024-06-08T07:46:44.703Z] >>> [apiv2][query] GET https://firebasedatabase.googleapis.com/v1beta/projects/clearvox/locations/-/instances/clearvox-default-rtdb [none]
[debug] [2024-06-08T07:46:46.359Z] <<< [apiv2][status] GET https://firebasedatabase.googleapis.com/v1beta/projects/clearvox/locations/-/instances/clearvox-default-rtdb 200
[debug] [2024-06-08T07:46:46.360Z] <<< [apiv2][body] GET https://firebasedatabase.googleapis.com/v1beta/projects/clearvox/locations/-/instances/clearvox-default-rtdb {"name":"projects/660983681580/locations/us-central1/instances/clearvox-default-rtdb","project":"projects/660983681580","databaseUrl":"https://clearvox-default-rtdb.firebaseio.com","type":"DEFAULT_DATABASE","state":"ACTIVE"}
[info] 
[info] Firebase Realtime Database Security Rules allow you to define how your data should be
[info] structured and when your data can be read from and written to.
[info] 
[debug] [2024-06-08T07:46:49.217Z] >>> [apiv2][query] GET https://clearvox-default-rtdb.firebaseio.com/.settings/rules.json [none]
[debug] [2024-06-08T07:46:50.790Z] <<< [apiv2][status] GET https://clearvox-default-rtdb.firebaseio.com/.settings/rules.json 200
[debug] [2024-06-08T07:46:50.790Z] <<< [apiv2][body] GET https://clearvox-default-rtdb.firebaseio.com/.settings/rules.json [stream]
[info] +  Database Rules for clearvox-default-rtdb have been written to database.rules.json. 
[info] Future modifications to database.rules.json will update Realtime Database Security Rules when you run
[info] firebase deploy.
[info] 
=== Firestore Setup
[debug] [2024-06-08T07:46:50.803Z] >>> [apiv2][query] GET https://serviceusage.googleapis.com/v1/projects/clearvox/services/firestore.googleapis.com [none]
[debug] [2024-06-08T07:46:50.803Z] >>> [apiv2][(partial)header] GET https://serviceusage.googleapis.com/v1/projects/clearvox/services/firestore.googleapis.com x-goog-quota-user=projects/clearvox
[debug] [2024-06-08T07:46:52.383Z] <<< [apiv2][status] GET https://serviceusage.googleapis.com/v1/projects/clearvox/services/firestore.googleapis.com 200
[debug] [2024-06-08T07:46:52.383Z] <<< [apiv2][body] GET https://serviceusage.googleapis.com/v1/projects/clearvox/services/firestore.googleapis.com [omitted]
[debug] [2024-06-08T07:46:52.384Z] >>> [apiv2][query] GET https://firestore.googleapis.com/v1/projects/clearvox/databases/(default) [none]
[debug] [2024-06-08T07:46:54.113Z] <<< [apiv2][status] GET https://firestore.googleapis.com/v1/projects/clearvox/databases/(default) 200
[debug] [2024-06-08T07:46:54.113Z] <<< [apiv2][body] GET https://firestore.googleapis.com/v1/projects/clearvox/databases/(default) {"name":"projects/clearvox/databases/(default)","uid":"596295e7-c387-4bd7-81e3-18f088d0c563","createTime":"2024-06-02T15:22:32.132834Z","updateTime":"2024-06-02T15:22:32.132834Z","locationId":"nam5","type":"FIRESTORE_NATIVE","concurrencyMode":"PESSIMISTIC","versionRetentionPeriod":"3600s","earliestVersionTime":"2024-06-08T06:46:54.022408Z","appEngineIntegrationMode":"ENABLED","keyPrefix":"s","pointInTimeRecoveryEnablement":"POINT_IN_TIME_RECOVERY_DISABLED","deleteProtectionState":"DELETE_PROTECTION_DISABLED","etag":"II2Yp/XBy4YDMJSewITYvoYD"}
[debug] [2024-06-08T07:46:54.113Z] database_type: FIRESTORE_NATIVE
[debug] [2024-06-08T07:46:54.114Z] > command requires scopes: ["email","openid","https://www.googleapis.com/auth/cloudplatformprojects.readonly","https://www.googleapis.com/auth/firebase","https://www.googleapis.com/auth/cloud-platform"]
[debug] [2024-06-08T07:46:54.115Z] > authorizing via signed-in user (gideonagyage@gmail.com)
[debug] [2024-06-08T07:46:54.115Z] [iam] checking project clearvox for permissions ["firebase.projects.get"]
[debug] [2024-06-08T07:46:54.116Z] >>> [apiv2][query] POST https://cloudresourcemanager.googleapis.com/v1/projects/clearvox:testIamPermissions [none]
[debug] [2024-06-08T07:46:54.116Z] >>> [apiv2][(partial)header] POST https://cloudresourcemanager.googleapis.com/v1/projects/clearvox:testIamPermissions x-goog-quota-user=projects/clearvox
[debug] [2024-06-08T07:46:54.116Z] >>> [apiv2][body] POST https://cloudresourcemanager.googleapis.com/v1/projects/clearvox:testIamPermissions {"permissions":["firebase.projects.get"]}
[debug] [2024-06-08T07:46:55.318Z] <<< [apiv2][status] POST https://cloudresourcemanager.googleapis.com/v1/projects/clearvox:testIamPermissions 200
[debug] [2024-06-08T07:46:55.318Z] <<< [apiv2][body] POST https://cloudresourcemanager.googleapis.com/v1/projects/clearvox:testIamPermissions {"permissions":["firebase.projects.get"]}
[info] 
[info] Firestore Security Rules allow you to define how and when to allow
[info] requests. You can keep these rules in your project directory
[info] and publish them with firebase deploy.
[info] 
[debug] [2024-06-08T07:46:57.087Z] >>> [apiv2][query] GET https://firebaserules.googleapis.com/v1/projects/clearvox/releases pageSize=10&pageToken=
[debug] [2024-06-08T07:47:00.247Z] <<< [apiv2][status] GET https://firebaserules.googleapis.com/v1/projects/clearvox/releases 200
[debug] [2024-06-08T07:47:00.247Z] <<< [apiv2][body] GET https://firebaserules.googleapis.com/v1/projects/clearvox/releases {"releases":[{"name":"projects/clearvox/releases/firebase.storage/clearvox.appspot.com","rulesetName":"projects/clearvox/rulesets/ac016885-4339-4719-9279-f1c2e3063625","createTime":"2024-06-02T15:22:52.575332Z","updateTime":"2024-06-02T15:22:52.575332Z"}]}
[debug] [2024-06-08T07:47:00.247Z] No rulesets found, using default.
[info] 
[info] Firestore indexes allow you to perform complex queries while
[info] maintaining performance that scales with the size of the result
[info] set. You can keep index definitions in your project directory
[info] and publish them with firebase deploy.
[info] 
[debug] [2024-06-08T07:47:01.885Z] >>> [apiv2][query] GET https://firestore.googleapis.com/v1/projects/clearvox/databases/(default)/collectionGroups/-/indexes [none]
[debug] [2024-06-08T07:47:01.888Z] >>> [apiv2][query] GET https://firestore.googleapis.com/v1/projects/clearvox/databases/(default)/collectionGroups/-/fields?filter=indexConfig.usesAncestorConfig=false OR ttlConfig:* [none]
[debug] [2024-06-08T07:47:05.254Z] <<< [apiv2][status] GET https://firestore.googleapis.com/v1/projects/clearvox/databases/(default)/collectionGroups/-/indexes 200
[debug] [2024-06-08T07:47:05.254Z] <<< [apiv2][body] GET https://firestore.googleapis.com/v1/projects/clearvox/databases/(default)/collectionGroups/-/indexes {}
[debug] [2024-06-08T07:47:05.255Z] <<< [apiv2][status] GET https://firestore.googleapis.com/v1/projects/clearvox/databases/(default)/collectionGroups/-/fields?filter=indexConfig.usesAncestorConfig=false OR ttlConfig:* 200
[debug] [2024-06-08T07:47:05.255Z] <<< [apiv2][body] GET https://firestore.googleapis.com/v1/projects/clearvox/databases/(default)/collectionGroups/-/fields?filter=indexConfig.usesAncestorConfig=false OR ttlConfig:* {"fields":[{"name":"projects/clearvox/databases/(default)/collectionGroups/__default__/fields/*","indexConfig":{"indexes":[{"queryScope":"COLLECTION","fields":[{"fieldPath":"*","order":"ASCENDING"}],"state":"READY"},{"queryScope":"COLLECTION","fields":[{"fieldPath":"*","order":"DESCENDING"}],"state":"READY"},{"queryScope":"COLLECTION","fields":[{"fieldPath":"*","arrayConfig":"CONTAINS"}],"state":"READY"}]}}]}
[info] 
=== Hosting Setup
[debug] [2024-06-08T07:47:05.268Z] >>> [apiv2][query] GET https://firebase.googleapis.com/v1beta1/projects/clearvox [none]
[debug] [2024-06-08T07:47:05.885Z] <<< [apiv2][status] GET https://firebase.googleapis.com/v1beta1/projects/clearvox 200
[debug] [2024-06-08T07:47:05.885Z] <<< [apiv2][body] GET https://firebase.googleapis.com/v1beta1/projects/clearvox {"projectId":"clearvox","projectNumber":"660983681580","displayName":"ClearVox","name":"projects/clearvox","resources":{"hostingSite":"clearvox","realtimeDatabaseInstance":"clearvox-default-rtdb","storageBucket":"clearvox.appspot.com","locationId":"us-central"},"state":"ACTIVE","etag":"1_60de022b-f36e-43cf-9879-cbe1509b20fe"}
[info] 
[info] Your public directory is the folder (relative to your project directory) that
[info] will contain Hosting assets to be uploaded with firebase deploy. If you
[info] have a build process for your assets, use your build's output directory.
[info] 
[debug] [2024-06-08T08:02:32.380Z] >>> [apiv2][query] GET https://www.gstatic.com/firebasejs/releases.json [none]
[debug] [2024-06-08T08:02:33.191Z] <<< [apiv2][status] GET https://www.gstatic.com/firebasejs/releases.json 200
[debug] [2024-06-08T08:02:33.192Z] <<< [apiv2][body] GET https://www.gstatic.com/firebasejs/releases.json {"current":{"version":"10.12.2","browserURL":"https://www.gstatic.com/firebasejs/10.12.2/firebase.js","packageURL":"https://www.gstatic.com/firebasejs/10.12.2/firebase.tgz"},"live":{"version":"10.12","browserURL":"https://www.gstatic.com/firebasejs/live/10.12/firebase.js","packageURL":"https://www.gstatic.com/firebasejs/live/10.12/firebase.tgz"},"components":{"analytics":"https://www.gstatic.com/firebasejs/10.12.2/firebase-analytics.js","app":"https://www.gstatic.com/firebasejs/10.12.2/firebase-app.js","app-check":"https://www.gstatic.com/firebasejs/10.12.2/firebase-app-check.js","auth":"https://www.gstatic.com/firebasejs/10.12.2/firebase-auth.js","auth/cordova":"https://www.gstatic.com/firebasejs/10.12.2/firebase-auth/cordova.js","auth/web-extension":"https://www.gstatic.com/firebasejs/10.12.2/firebase-auth/web-extension.js","functions":"https://www.gstatic.com/firebasejs/10.12.2/firebase-functions.js","firestore":"https://www.gstatic.com/firebasejs/10.12.2/firebase-firestore.js","firestore/lite":"https://www.gstatic.com/firebasejs/10.12.2/firebase-firestore/lite.js","installations":"https://www.gstatic.com/firebasejs/10.12.2/firebase-installations.js","storage":"https://www.gstatic.com/firebasejs/10.12.2/firebase-storage.js","performance":"https://www.gstatic.com/firebasejs/10.12.2/firebase-performance.js","remote-config":"https://www.gstatic.com/firebasejs/10.12.2/firebase-remote-config.js","messaging":"https://www.gstatic.com/firebasejs/10.12.2/firebase-messaging.js","messaging/sw":"https://www.gstatic.com/firebasejs/10.12.2/firebase-messaging/sw.js","database":"https://www.gstatic.com/firebasejs/10.12.2/firebase-database.js","vertexai-preview":"https://www.gstatic.com/firebasejs/10.12.2/firebase-vertexai-preview.js","firestore.memory":"https://www.gstatic.com/firebasejs/10.12.2/firebase-firestore.memory.js"}}
[info] +  Wrote public/index.html 
[info] 
[info] i  Detected a .git folder at C:\Users\gideo\Documents\4 Studies\Technical Works\Repositories\clear-vox 
[info] i  Authorizing with GitHub to upload your service account to a GitHub repository's secrets store. 
[info] 
[info] Visit this URL on this device to log in:
[info] https://github.com/login/oauth/authorize?client_id=89cf50f02ac6aaed3484&state=1066662611&redirect_uri=http%3A%2F%2Flocalhost%3A9005&scope=read%3Auser%20repo%20public_repo
[info] 
[info] Waiting for authentication...
[debug] [2024-06-08T08:02:46.309Z] >>> [apiv2][query] POST https://github.com/login/oauth/access_token [none]
[debug] [2024-06-08T08:02:46.309Z] >>> [apiv2][body] POST https://github.com/login/oauth/access_token [stream]
[debug] [2024-06-08T08:02:47.240Z] <<< [apiv2][status] POST https://github.com/login/oauth/access_token 200
[debug] [2024-06-08T08:02:47.240Z] <<< [apiv2][body] POST https://github.com/login/oauth/access_token {"access_token":"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","token_type":"bearer","scope":"read:user,repo"}
[debug] [2024-06-08T08:02:47.274Z] >>> [apiv2][query] GET https://api.github.com/user [none]
[debug] [2024-06-08T08:02:48.206Z] <<< [apiv2][status] GET https://api.github.com/user 200
[debug] [2024-06-08T08:02:48.206Z] <<< [apiv2][body] GET https://api.github.com/user {"login":"gideonagyage","id":124871248,"node_id":"U_kgDOB3FiUA","avatar_url":"https://avatars.githubusercontent.com/u/124871248?v=4","gravatar_id":"","url":"https://api.github.com/users/gideonagyage","html_url":"https://github.com/gideonagyage","followers_url":"https://api.github.com/users/gideonagyage/followers","following_url":"https://api.github.com/users/gideonagyage/following{/other_user}","gists_url":"https://api.github.com/users/gideonagyage/gists{/gist_id}","starred_url":"https://api.github.com/users/gideonagyage/starred{/owner}{/repo}","subscriptions_url":"https://api.github.com/users/gideonagyage/subscriptions","organizations_url":"https://api.github.com/users/gideonagyage/orgs","repos_url":"https://api.github.com/users/gideonagyage/repos","events_url":"https://api.github.com/users/gideonagyage/events{/privacy}","received_events_url":"https://api.github.com/users/gideonagyage/received_events","type":"User","site_admin":false,"name":"Gideon Agyage","company":null,"blog":"https://www.linktr.ee/gideonagyage","location":"Ghana","email":null,"hireable":null,"bio":null,"twitter_username":null,"public_repos":2,"public_gists":0,"followers":22,"following":37,"created_at":"2023-02-09T08:20:46Z","updated_at":"2024-05-28T23:28:48Z","private_gists":0,"total_private_repos":4,"owned_private_repos":4,"disk_usage":2383,"collaborators":0,"two_factor_authentication":false,"plan":{"name":"free","space":976562499,"collaborators":0,"private_repos":10000}}
[info] 
[info] +  Success! Logged into GitHub as gideonagyage 
[info] 
